current directory: C:/Users/wsc17/app4/vendle/bundler/ruby/2.5.0/gems/puma-4.3.6/ext/puma_http11
C:/Users/Ruby25/bin/ruby.exe -r ./siteconf20210208-7132-hnfc03.rb extconf.rb
checking for whether -D_FORTIFY_SOURCE=2 is accepted as CFLAGS... yes
checking for whether -fstack-protector is accepted as LDFLAGS... yes
checking for -lssp... yes
checking for BIO_read() in -lcrypto... yes
checking for SSL_CTX_new() in -lssl... yes
checking for openssl/bio.h... yes
checking for DTLS_method() in openssl/ssl.h... yes
checking for TLS_server_method() in openssl/ssl.h... yes
checking for SSL_CTX_set_min_proto_version in openssl/ssl.h... yes
creating Makefile

current directory: C:/Users/wsc17/app4/vendle/bundler/ruby/2.5.0/gems/puma-4.3.6/ext/puma_http11
make "DESTDIR=" clean

current directory: C:/Users/wsc17/app4/vendle/bundler/ruby/2.5.0/gems/puma-4.3.6/ext/puma_http11
make "DESTDIR="
generating puma_http11-i386-mingw32.def
compiling http11_parser.c
compiling io_buffer.c
compiling mini_ssl.c
compiling puma_http11.c
linking shared-object puma/puma_http11.so

current directory: C:/Users/wsc17/app4/vendle/bundler/ruby/2.5.0/gems/puma-4.3.6/ext/puma_http11
make "DESTDIR=" install
/usr/bin/install -c -m 0755 puma_http11.so ./.gem.20210208-7132-1guni82/puma
